<?xml version="1.0" encoding="UTF-8"?>
<!-- Generated by org.testng.reporters.JUnitReportReporter -->
<testsuite skipped="1" hostname="LAPTOP-0ML05J7J" name="com.prithvi.tech.tests.Test02" tests="2" failures="0" timestamp="2020-03-31T14:03:22 IST" time="0.004" errors="0">
  <testcase name="testMt1" time="0.004" classname="com.prithvi.tech.tests.Test02"/>
  <system-out/>
  <testcase name="testMt2" classname="com.prithvi.tech.tests.Test02">
    <skipped/>
  </testcase> <!-- testMt2 -->
  <system-out/>
</testsuite> <!-- com.prithvi.tech.tests.Test02 -->
