<?xml version="1.0" encoding="UTF-8"?>
<!-- Generated by org.testng.reporters.JUnitReportReporter -->
<testsuite skipped="0" hostname="LAPTOP-0ML05J7J" name="com.prithvi.tech.tests.Test01" tests="2" failures="0" timestamp="2020-03-31T09:35:35 IST" time="0.006" errors="0">
  <testcase name="testMt1" time="0.002" classname="com.prithvi.tech.tests.Test01"/>
  <system-out/>
  <testcase name="testMt2" time="0.004" classname="com.prithvi.tech.tests.Test01"/>
  <system-out/>
</testsuite> <!-- com.prithvi.tech.tests.Test01 -->
