<?xml version="1.0" encoding="UTF-8"?>
<!-- Generated by org.testng.reporters.JUnitReportReporter -->
<testsuite skipped="0" hostname="LAPTOP-0ML05J7J" name="com.prithvi.tech.tests.Test02" tests="4" failures="0" timestamp="2020-04-02T19:42:15 IST" time="0.026" errors="0">
  <testcase name="testMt2" time="0.010" classname="com.prithvi.tech.tests.Test02"/>
  <system-out/>
  <testcase name="testMt1" time="0.007" classname="com.prithvi.tech.tests.Test02"/>
  <system-out/>
  <testcase name="testMt2" time="0.002" classname="com.prithvi.tech.tests.Test02"/>
  <system-out/>
  <testcase name="testMt2" time="0.007" classname="com.prithvi.tech.tests.Test02"/>
  <system-out/>
</testsuite> <!-- com.prithvi.tech.tests.Test02 -->
